<?xml version="1.0" encoding="UTF-8"?>
<testng-results skipped="0" failed="2" ignored="0" total="4" passed="2">
  <reporter-output>
  </reporter-output>
  <suite name="Suite" duration-ms="35221" started-at="2018-06-13T16:41:47Z" finished-at="2018-06-13T16:42:22Z">
    <groups>
    </groups>
    <test name="Test2 Browser IE" duration-ms="28172" started-at="2018-06-13T16:41:47Z" finished-at="2018-06-13T16:42:15Z">
      <class name="com.tests.Validate">
        <test-method status="PASS" signature="beforeSuite()[pri:0, instance:com.tests.Validate@5abca1e0]" name="beforeSuite" is-config="true" duration-ms="219" started-at="2018-06-13T16:41:46Z" finished-at="2018-06-13T16:41:47Z">
          <reporter-output>
          </reporter-output>
        </test-method> <!-- beforeSuite -->
        <test-method status="PASS" signature="setUp(java.lang.String)[pri:0, instance:com.tests.Validate@5abca1e0]" name="setUp" is-config="true" duration-ms="2681" started-at="2018-06-13T16:41:47Z" finished-at="2018-06-13T16:41:49Z">
          <params>
            <param index="0">
              <value>
                <![CDATA[IE]]>
              </value>
            </param>
          </params>
          <reporter-output>
          </reporter-output>
        </test-method> <!-- setUp -->
        <test-method status="PASS" signature="verifyParallel(java.lang.String, java.lang.String)[pri:0, instance:com.tests.Validate@5abca1e0]" name="verifyParallel" duration-ms="7100" started-at="2018-06-13T16:41:50Z" data-provider="dataSet" finished-at="2018-06-13T16:41:57Z">
          <params>
            <param index="0">
              <value>
                <![CDATA[https://www.wellsfargo.com/]]>
              </value>
            </param>
            <param index="1">
              <value>
                <![CDATA[https://www.wellsfargo.com/]]>
              </value>
            </param>
          </params>
          <reporter-output>
          </reporter-output>
        </test-method> <!-- verifyParallel -->
        <test-method status="PASS" signature="afterMethod(org.testng.ITestResult)[pri:0, instance:com.tests.Validate@5abca1e0]" name="afterMethod" is-config="true" duration-ms="998" started-at="2018-06-13T16:41:57Z" finished-at="2018-06-13T16:41:58Z">
          <params>
            <param index="0">
              <value>
                <![CDATA[[TestResult name=verifyParallel status=SUCCESS method=Validate.verifyParallel(java.lang.String, java.lang.String)[pri:0, instance:com.tests.Validate@5abca1e0] output={null}]]]>
              </value>
            </param>
          </params>
          <reporter-output>
          </reporter-output>
        </test-method> <!-- afterMethod -->
        <test-method status="PASS" signature="verifyParallel(java.lang.String, java.lang.String)[pri:0, instance:com.tests.Validate@5abca1e0]" name="verifyParallel" duration-ms="7915" started-at="2018-06-13T16:41:58Z" data-provider="dataSet" finished-at="2018-06-13T16:42:06Z">
          <params>
            <param index="0">
              <value>
                <![CDATA[https://www.wellsfargo.com/privacy-security/fraud/report/]]>
              </value>
            </param>
            <param index="1">
              <value>
                <![CDATA[https://www.wellsfargo.com/privacy-security/fraud/report/]]>
              </value>
            </param>
          </params>
          <reporter-output>
          </reporter-output>
        </test-method> <!-- verifyParallel -->
        <test-method status="PASS" signature="afterMethod(org.testng.ITestResult)[pri:0, instance:com.tests.Validate@5abca1e0]" name="afterMethod" is-config="true" duration-ms="233" started-at="2018-06-13T16:42:06Z" finished-at="2018-06-13T16:42:07Z">
          <params>
            <param index="0">
              <value>
                <![CDATA[[TestResult name=verifyParallel status=SUCCESS method=Validate.verifyParallel(java.lang.String, java.lang.String)[pri:0, instance:com.tests.Validate@5abca1e0] output={null}]]]>
              </value>
            </param>
          </params>
          <reporter-output>
          </reporter-output>
        </test-method> <!-- afterMethod -->
        <test-method status="PASS" signature="tearDown()[pri:0, instance:com.tests.Validate@5abca1e0]" name="tearDown" is-config="true" duration-ms="8205" started-at="2018-06-13T16:42:07Z" finished-at="2018-06-13T16:42:15Z">
          <reporter-output>
          </reporter-output>
        </test-method> <!-- tearDown -->
      </class> <!-- com.tests.Validate -->
    </test> <!-- Test2 Browser IE -->
    <test name="Test1 Browser Chrome" duration-ms="35221" started-at="2018-06-13T16:41:47Z" finished-at="2018-06-13T16:42:22Z">
      <class name="com.tests.Validate">
        <test-method status="PASS" signature="setUp(java.lang.String)[pri:0, instance:com.tests.Validate@29ca901e]" name="setUp" is-config="true" duration-ms="6317" started-at="2018-06-13T16:41:47Z" finished-at="2018-06-13T16:41:53Z">
          <params>
            <param index="0">
              <value>
                <![CDATA[chrome]]>
              </value>
            </param>
          </params>
          <reporter-output>
          </reporter-output>
        </test-method> <!-- setUp -->
        <test-method status="FAIL" signature="verifyParallel(java.lang.String, java.lang.String)[pri:0, instance:com.tests.Validate@29ca901e]" name="verifyParallel" duration-ms="16348" started-at="2018-06-13T16:41:53Z" data-provider="dataSet" finished-at="2018-06-13T16:42:09Z">
          <params>
            <param index="0">
              <value>
                <![CDATA[https://www.wellsfargo.com/]]>
              </value>
            </param>
            <param index="1">
              <value>
                <![CDATA[https://www.wellsfargo.com/]]>
              </value>
            </param>
          </params>
          <exception class="java.lang.AssertionError">
            <message>
              <![CDATA[The following asserts failed:
Value is 200]]>
            </message>
            <full-stacktrace>
              <![CDATA[java.lang.AssertionError: The following asserts failed:
Value is 200
at org.testng.asserts.SoftAssert.assertAll(SoftAssert.java:43)
at com.tests.Validate.verifyParallel(Validate.java:78)
at sun.reflect.NativeMethodAccessorImpl.invoke0(Native Method)
at sun.reflect.NativeMethodAccessorImpl.invoke(NativeMethodAccessorImpl.java:62)
at sun.reflect.DelegatingMethodAccessorImpl.invoke(DelegatingMethodAccessorImpl.java:43)
at java.lang.reflect.Method.invoke(Method.java:498)
at org.testng.internal.MethodInvocationHelper.invokeMethod(MethodInvocationHelper.java:124)
at org.testng.internal.Invoker.invokeMethod(Invoker.java:583)
at org.testng.internal.Invoker.invokeTestMethod(Invoker.java:719)
at org.testng.internal.Invoker.invokeTestMethods(Invoker.java:989)
at org.testng.internal.TestMethodWorker.invokeTestMethods(TestMethodWorker.java:125)
at org.testng.internal.TestMethodWorker.run(TestMethodWorker.java:109)
at org.testng.TestRunner.privateRun(TestRunner.java:648)
at org.testng.TestRunner.run(TestRunner.java:505)
at org.testng.SuiteRunner.runTest(SuiteRunner.java:455)
at org.testng.SuiteRunner.access$000(SuiteRunner.java:40)
at org.testng.SuiteRunner$SuiteWorker.run(SuiteRunner.java:489)
at org.testng.internal.thread.ThreadUtil$1.call(ThreadUtil.java:52)
at java.util.concurrent.FutureTask.run(FutureTask.java:266)
at java.util.concurrent.ThreadPoolExecutor.runWorker(ThreadPoolExecutor.java:1142)
at java.util.concurrent.ThreadPoolExecutor$Worker.run(ThreadPoolExecutor.java:617)
at java.lang.Thread.run(Thread.java:745)
]]>
            </full-stacktrace>
          </exception> <!-- java.lang.AssertionError -->
          <reporter-output>
          </reporter-output>
        </test-method> <!-- verifyParallel -->
        <test-method status="PASS" signature="afterMethod(org.testng.ITestResult)[pri:0, instance:com.tests.Validate@29ca901e]" name="afterMethod" is-config="true" duration-ms="279" started-at="2018-06-13T16:42:09Z" finished-at="2018-06-13T16:42:10Z">
          <params>
            <param index="0">
              <value>
                <![CDATA[[TestResult name=verifyParallel status=FAILURE method=Validate.verifyParallel(java.lang.String, java.lang.String)[pri:0, instance:com.tests.Validate@29ca901e] output={null}]]]>
              </value>
            </param>
          </params>
          <reporter-output>
          </reporter-output>
        </test-method> <!-- afterMethod -->
        <test-method status="FAIL" signature="verifyParallel(java.lang.String, java.lang.String)[pri:0, instance:com.tests.Validate@29ca901e]" name="verifyParallel" duration-ms="10849" started-at="2018-06-13T16:42:10Z" data-provider="dataSet" finished-at="2018-06-13T16:42:21Z">
          <params>
            <param index="0">
              <value>
                <![CDATA[https://www.wellsfargo.com/privacy-security/fraud/report/]]>
              </value>
            </param>
            <param index="1">
              <value>
                <![CDATA[https://www.wellsfargo.com/privacy-security/fraud/report/]]>
              </value>
            </param>
          </params>
          <exception class="java.lang.AssertionError">
            <message>
              <![CDATA[The following asserts failed:
Value is 200]]>
            </message>
            <full-stacktrace>
              <![CDATA[java.lang.AssertionError: The following asserts failed:
Value is 200
at org.testng.asserts.SoftAssert.assertAll(SoftAssert.java:43)
at com.tests.Validate.verifyParallel(Validate.java:78)
at sun.reflect.NativeMethodAccessorImpl.invoke0(Native Method)
at sun.reflect.NativeMethodAccessorImpl.invoke(NativeMethodAccessorImpl.java:62)
at sun.reflect.DelegatingMethodAccessorImpl.invoke(DelegatingMethodAccessorImpl.java:43)
at java.lang.reflect.Method.invoke(Method.java:498)
at org.testng.internal.MethodInvocationHelper.invokeMethod(MethodInvocationHelper.java:124)
at org.testng.internal.Invoker.invokeMethod(Invoker.java:583)
at org.testng.internal.Invoker.invokeTestMethod(Invoker.java:719)
at org.testng.internal.Invoker.invokeTestMethods(Invoker.java:989)
at org.testng.internal.TestMethodWorker.invokeTestMethods(TestMethodWorker.java:125)
at org.testng.internal.TestMethodWorker.run(TestMethodWorker.java:109)
at org.testng.TestRunner.privateRun(TestRunner.java:648)
at org.testng.TestRunner.run(TestRunner.java:505)
at org.testng.SuiteRunner.runTest(SuiteRunner.java:455)
at org.testng.SuiteRunner.access$000(SuiteRunner.java:40)
at org.testng.SuiteRunner$SuiteWorker.run(SuiteRunner.java:489)
at org.testng.internal.thread.ThreadUtil$1.call(ThreadUtil.java:52)
at java.util.concurrent.FutureTask.run(FutureTask.java:266)
at java.util.concurrent.ThreadPoolExecutor.runWorker(ThreadPoolExecutor.java:1142)
at java.util.concurrent.ThreadPoolExecutor$Worker.run(ThreadPoolExecutor.java:617)
at java.lang.Thread.run(Thread.java:745)
]]>
            </full-stacktrace>
          </exception> <!-- java.lang.AssertionError -->
          <reporter-output>
          </reporter-output>
        </test-method> <!-- verifyParallel -->
        <test-method status="PASS" signature="afterMethod(org.testng.ITestResult)[pri:0, instance:com.tests.Validate@29ca901e]" name="afterMethod" is-config="true" duration-ms="136" started-at="2018-06-13T16:42:21Z" finished-at="2018-06-13T16:42:21Z">
          <params>
            <param index="0">
              <value>
                <![CDATA[[TestResult name=verifyParallel status=FAILURE method=Validate.verifyParallel(java.lang.String, java.lang.String)[pri:0, instance:com.tests.Validate@29ca901e] output={null}]]]>
              </value>
            </param>
          </params>
          <reporter-output>
          </reporter-output>
        </test-method> <!-- afterMethod -->
        <test-method status="PASS" signature="tearDown()[pri:0, instance:com.tests.Validate@29ca901e]" name="tearDown" is-config="true" duration-ms="1093" started-at="2018-06-13T16:42:21Z" finished-at="2018-06-13T16:42:22Z">
          <reporter-output>
          </reporter-output>
        </test-method> <!-- tearDown -->
      </class> <!-- com.tests.Validate -->
    </test> <!-- Test1 Browser Chrome -->
  </suite> <!-- Suite -->
</testng-results>
